0 info it worked if it ends with ok
1 verbose cli [ '/Users/adam/.nvm/versions/node/v7.2.0/bin/node',
1 verbose cli   '/Users/adam/.nvm/versions/node/v7.2.0/bin/npm',
1 verbose cli   'run',
1 verbose cli   'storybook' ]
2 info using npm@3.10.9
3 info using node@v7.2.0
4 verbose run-script [ 'prestorybook', 'storybook', 'poststorybook' ]
5 info lifecycle merlin@1.0.0~prestorybook: merlin@1.0.0
6 silly lifecycle merlin@1.0.0~prestorybook: no script for prestorybook, continuing
7 info lifecycle merlin@1.0.0~storybook: merlin@1.0.0
8 verbose lifecycle merlin@1.0.0~storybook: unsafe-perm in lifecycle true
9 verbose lifecycle merlin@1.0.0~storybook: PATH: /Users/adam/.nvm/versions/node/v7.2.0/lib/node_modules/npm/bin/node-gyp-bin:/Users/adam/Programming/merlin/node_modules/.bin:/Users/adam/.nvm/versions/node/v7.2.0/bin:/usr/local/bin:/usr/bin:/bin:/usr/sbin:/sbin:/Users/adam/.rvm/bin
10 verbose lifecycle merlin@1.0.0~storybook: CWD: /Users/adam/Programming/merlin
11 silly lifecycle merlin@1.0.0~storybook: Args: [ '-c', 'start-storybook -p 6006' ]
12 silly lifecycle merlin@1.0.0~storybook: Returned: code: 1  signal: null
13 info lifecycle merlin@1.0.0~storybook: Failed to exec storybook script
14 verbose stack Error: merlin@1.0.0 storybook: `start-storybook -p 6006`
14 verbose stack Exit status 1
14 verbose stack     at EventEmitter.<anonymous> (/Users/adam/.nvm/versions/node/v7.2.0/lib/node_modules/npm/lib/utils/lifecycle.js:255:16)
14 verbose stack     at emitTwo (events.js:106:13)
14 verbose stack     at EventEmitter.emit (events.js:191:7)
14 verbose stack     at ChildProcess.<anonymous> (/Users/adam/.nvm/versions/node/v7.2.0/lib/node_modules/npm/lib/utils/spawn.js:40:14)
14 verbose stack     at emitTwo (events.js:106:13)
14 verbose stack     at ChildProcess.emit (events.js:191:7)
14 verbose stack     at maybeClose (internal/child_process.js:885:16)
14 verbose stack     at Process.ChildProcess._handle.onexit (internal/child_process.js:226:5)
15 verbose pkgid merlin@1.0.0
16 verbose cwd /Users/adam/Programming/merlin
17 error Darwin 15.4.0
18 error argv "/Users/adam/.nvm/versions/node/v7.2.0/bin/node" "/Users/adam/.nvm/versions/node/v7.2.0/bin/npm" "run" "storybook"
19 error node v7.2.0
20 error npm  v3.10.9
21 error code ELIFECYCLE
22 error merlin@1.0.0 storybook: `start-storybook -p 6006`
22 error Exit status 1
23 error Failed at the merlin@1.0.0 storybook script 'start-storybook -p 6006'.
23 error Make sure you have the latest version of node.js and npm installed.
23 error If you do, this is most likely a problem with the merlin package,
23 error not with npm itself.
23 error Tell the author that this fails on your system:
23 error     start-storybook -p 6006
23 error You can get information on how to open an issue for this project with:
23 error     npm bugs merlin
23 error Or if that isn't available, you can get their info via:
23 error     npm owner ls merlin
23 error There is likely additional logging output above.
24 verbose exit [ 1, true ]
